[INFO] Scanning for projects...
[INFO] 
[INFO] -------------------< cs.msu.edu:csci-468-spring2022 >-------------------
[INFO] Building csci-468-spring2022 1.0-SNAPSHOT
[INFO] --------------------------------[ jar ]---------------------------------
[INFO] 
[INFO] --- maven-resources-plugin:2.6:resources (default-resources) @ csci-468-spring2022 ---
[WARNING] Using platform encoding (UTF-8 actually) to copy filtered resources, i.e. build is platform dependent!
[INFO] Copying 5 resources
[INFO] 
[INFO] --- maven-compiler-plugin:3.1:compile (default-compile) @ csci-468-spring2022 ---
[INFO] Nothing to compile - all classes are up to date
[INFO] 
[INFO] --- maven-resources-plugin:2.6:testResources (default-testResources) @ csci-468-spring2022 ---
[WARNING] Using platform encoding (UTF-8 actually) to copy filtered resources, i.e. build is platform dependent!
[INFO] skip non existing resourceDirectory /Users/carson/Projects/msu/csci-468-spring2023/grading/scripts/repos/alexander_fischer/src/test/resources
[INFO] 
[INFO] --- maven-compiler-plugin:3.1:testCompile (default-testCompile) @ csci-468-spring2022 ---
[INFO] Nothing to compile - all classes are up to date
[INFO] 
[INFO] --- maven-surefire-plugin:2.22.1:test (default-test) @ csci-468-spring2022 ---
[INFO] 
[INFO] -------------------------------------------------------
[INFO]  T E S T S
[INFO] -------------------------------------------------------
[INFO] Running edu.montana.csci.csci468.tokenizer.CatScriptTokenizerTest
[INFO] Tests run: 16, Failures: 0, Errors: 0, Skipped: 0, Time elapsed: 0.019 s - in edu.montana.csci.csci468.tokenizer.CatScriptTokenizerTest
[INFO] Running edu.montana.csci.csci468.parser.CatscriptParserStatementsTest
[ERROR] Tests run: 21, Failures: 0, Errors: 1, Skipped: 0, Time elapsed: 0.014 s <<< FAILURE! - in edu.montana.csci.csci468.parser.CatscriptParserStatementsTest
[ERROR] elseStatementEnsuresClosingBrace  Time elapsed: 0.005 s  <<< ERROR!
java.lang.StringIndexOutOfBoundsException: Index 30 out of bounds for length 30
	at edu.montana.csci.csci468.parser.CatscriptParserStatementsTest.elseStatementEnsuresClosingBrace(CatscriptParserStatementsTest.java:68)

[INFO] Running edu.montana.csci.csci468.parser.CatscriptParserTypeCheckingTest
[INFO] Tests run: 10, Failures: 0, Errors: 0, Skipped: 0, Time elapsed: 0.001 s - in edu.montana.csci.csci468.parser.CatscriptParserTypeCheckingTest
[INFO] Running edu.montana.csci.csci468.parser.CatscriptParserErrorsTest
[INFO] Tests run: 1, Failures: 0, Errors: 0, Skipped: 0, Time elapsed: 0.001 s - in edu.montana.csci.csci468.parser.CatscriptParserErrorsTest
[INFO] Running edu.montana.csci.csci468.parser.CatscriptParserSymbolCheckingTest
[ERROR] Tests run: 8, Failures: 0, Errors: 2, Skipped: 0, Time elapsed: 0.002 s <<< FAILURE! - in edu.montana.csci.csci468.parser.CatscriptParserSymbolCheckingTest
[ERROR] ifStatementBranchesDoNotConflic  Time elapsed: 0 s  <<< ERROR!
java.lang.StringIndexOutOfBoundsException: Index 45 out of bounds for length 45
	at edu.montana.csci.csci468.parser.CatscriptParserSymbolCheckingTest.ifStatementBranchesDoNotConflic(CatscriptParserSymbolCheckingTest.java:59)

[ERROR] paramsDoNotConflictWithEachOther  Time elapsed: 0 s  <<< ERROR!
java.lang.StringIndexOutOfBoundsException: Index 56 out of bounds for length 56
	at edu.montana.csci.csci468.parser.CatscriptParserSymbolCheckingTest.paramsDoNotConflictWithEachOther(CatscriptParserSymbolCheckingTest.java:52)

[INFO] Running edu.montana.csci.csci468.parser.CatscriptParserExpressionsTest
[INFO] Tests run: 29, Failures: 0, Errors: 0, Skipped: 0, Time elapsed: 0.01 s - in edu.montana.csci.csci468.parser.CatscriptParserExpressionsTest
[INFO] Running edu.montana.csci.csci468.eval.CatscriptStatementExecutionTest
[ERROR] Tests run: 9, Failures: 0, Errors: 2, Skipped: 0, Time elapsed: 0.007 s <<< FAILURE! - in edu.montana.csci.csci468.eval.CatscriptStatementExecutionTest
[ERROR] localVarStatementsWorkProperly  Time elapsed: 0 s  <<< ERROR!
java.lang.StringIndexOutOfBoundsException: Index 49 out of bounds for length 49
	at edu.montana.csci.csci468.eval.CatscriptStatementExecutionTest.localVarStatementsWorkProperly(CatscriptStatementExecutionTest.java:43)

[ERROR] varInsideFunctionWorksProperly  Time elapsed: 0 s  <<< ERROR!
java.lang.StringIndexOutOfBoundsException: Index 64 out of bounds for length 64
	at edu.montana.csci.csci468.eval.CatscriptStatementExecutionTest.varInsideFunctionWorksProperly(CatscriptStatementExecutionTest.java:51)

[INFO] Running edu.montana.csci.csci468.eval.CatscriptBasicExpressionEvalTest
[INFO] Tests run: 8, Failures: 0, Errors: 0, Skipped: 0, Time elapsed: 0.001 s - in edu.montana.csci.csci468.eval.CatscriptBasicExpressionEvalTest
[INFO] Running edu.montana.csci.csci468.eval.CatscriptFunctionArgsAndReturnEvalTest
[INFO] Tests run: 14, Failures: 0, Errors: 0, Skipped: 0, Time elapsed: 0.004 s - in edu.montana.csci.csci468.eval.CatscriptFunctionArgsAndReturnEvalTest
[INFO] 
[INFO] Results:
[INFO] 
[ERROR] Errors: 
[ERROR]   CatscriptStatementExecutionTest.localVarStatementsWorkProperly:43->CatscriptTestBase.executeProgram:101 » StringIndexOutOfBounds
[ERROR]   CatscriptStatementExecutionTest.varInsideFunctionWorksProperly:51->CatscriptTestBase.executeProgram:101 » StringIndexOutOfBounds
[ERROR]   CatscriptParserStatementsTest.elseStatementEnsuresClosingBrace:68->CatscriptTestBase.parseStatement:45->CatscriptTestBase.parseStatement:54 » StringIndexOutOfBounds
[ERROR]   CatscriptParserSymbolCheckingTest.ifStatementBranchesDoNotConflic:59->CatscriptTestBase.parseStatement:41->CatscriptTestBase.parseStatement:45->CatscriptTestBase.parseStatement:54 » StringIndexOutOfBounds
[ERROR]   CatscriptParserSymbolCheckingTest.paramsDoNotConflictWithEachOther:52->CatscriptTestBase.parseStatement:41->CatscriptTestBase.parseStatement:45->CatscriptTestBase.parseStatement:54 » StringIndexOutOfBounds
[INFO] 
[ERROR] Tests run: 116, Failures: 0, Errors: 5, Skipped: 0
[INFO] 
[INFO] ------------------------------------------------------------------------
[INFO] BUILD FAILURE
[INFO] ------------------------------------------------------------------------
[INFO] Total time:  1.171 s
[INFO] Finished at: 2023-03-27T16:08:47-06:00
[INFO] ------------------------------------------------------------------------
[ERROR] Failed to execute goal org.apache.maven.plugins:maven-surefire-plugin:2.22.1:test (default-test) on project csci-468-spring2022: There are test failures.
[ERROR] 
[ERROR] Please refer to /Users/carson/Projects/msu/csci-468-spring2023/grading/scripts/repos/alexander_fischer/target/surefire-reports for the individual test results.
[ERROR] Please refer to dump files (if any exist) [date].dump, [date]-jvmRun[N].dump and [date].dumpstream.
[ERROR] -> [Help 1]
[ERROR] 
[ERROR] To see the full stack trace of the errors, re-run Maven with the -e switch.
[ERROR] Re-run Maven using the -X switch to enable full debug logging.
[ERROR] 
[ERROR] For more information about the errors and possible solutions, please read the following articles:
[ERROR] [Help 1] http://cwiki.apache.org/confluence/display/MAVEN/MojoFailureException
